<?xml version="1.0" encoding="UTF-8"?>
<testsuite name="earlytest.BaseTest" tests="1" skipped="0" failures="0" errors="0" timestamp="2021-02-03T13:08:32" hostname="ubuntu-Maciek" time="0.397">
  <properties/>
  <testcase name="jsonTest" classname="earlytest.BaseTest" time="0.397"/>
  <system-out><![CDATA[1
3
20.0

]]></system-out>
  <system-err><![CDATA[]]></system-err>
</testsuite>
